<?xml version="1.0" encoding="UTF-8"?>
<!-- Generated by org.testng.reporters.JUnitXMLReporter -->
<testsuite ignored="0" hostname="LAPTOP-PK5UFP4N" failures="0" tests="4" name="Default test" time="10.821" errors="0" timestamp="2021-07-05T01:27:36 IST">
  <testcase classname="com.qa.tests.GetAPITest" name="getPages" time="6.988"/>
  <testcase classname="com.qa.tests.GetAPITest" name="getTags1" time="1.192"/>
  <testcase classname="com.qa.tests.GetAPITest" name="getTags2" time="1.32"/>
  <testcase classname="com.qa.tests.GetAPITest" name="getAuthor" time="1.242"/>
</testsuite> <!-- Default test -->
