<?xml version="1.0" encoding="UTF-8"?>
<testng-results ignored="0" total="4" passed="4" failed="0" skipped="0">
  <reporter-output>
  </reporter-output>
  <suite started-at="2021-07-05T01:27:25 IST" name="Default suite" finished-at="2021-07-05T01:27:36 IST" duration-ms="10821">
    <groups>
    </groups>
    <test started-at="2021-07-05T01:27:25 IST" name="Default test" finished-at="2021-07-05T01:27:36 IST" duration-ms="10821">
      <class name="com.qa.tests.GetAPITest">
        <test-method is-config="true" signature="setup()[pri:0, instance:com.qa.tests.GetAPITest@696da30b]" started-at="2021-07-05T01:27:25 IST" name="setup" finished-at="2021-07-05T01:27:25 IST" duration-ms="6" status="PASS">
          <reporter-output>
          </reporter-output>
        </test-method> <!-- setup -->
        <test-method signature="getPages()[pri:1, instance:com.qa.tests.GetAPITest@696da30b]" started-at="2021-07-05T01:27:25 IST" name="getPages" finished-at="2021-07-05T01:27:32 IST" duration-ms="6988" status="PASS">
          <reporter-output>
          </reporter-output>
        </test-method> <!-- getPages -->
        <test-method is-config="true" signature="setup()[pri:0, instance:com.qa.tests.GetAPITest@696da30b]" started-at="2021-07-05T01:27:32 IST" name="setup" finished-at="2021-07-05T01:27:32 IST" duration-ms="1" status="PASS">
          <reporter-output>
          </reporter-output>
        </test-method> <!-- setup -->
        <test-method signature="getTags1()[pri:2, instance:com.qa.tests.GetAPITest@696da30b]" started-at="2021-07-05T01:27:32 IST" name="getTags1" finished-at="2021-07-05T01:27:33 IST" duration-ms="1192" status="PASS">
          <reporter-output>
          </reporter-output>
        </test-method> <!-- getTags1 -->
        <test-method is-config="true" signature="setup()[pri:0, instance:com.qa.tests.GetAPITest@696da30b]" started-at="2021-07-05T01:27:33 IST" name="setup" finished-at="2021-07-05T01:27:33 IST" duration-ms="2" status="PASS">
          <reporter-output>
          </reporter-output>
        </test-method> <!-- setup -->
        <test-method signature="getTags2()[pri:3, instance:com.qa.tests.GetAPITest@696da30b]" started-at="2021-07-05T01:27:33 IST" name="getTags2" finished-at="2021-07-05T01:27:35 IST" duration-ms="1320" status="PASS">
          <reporter-output>
          </reporter-output>
        </test-method> <!-- getTags2 -->
        <test-method is-config="true" signature="setup()[pri:0, instance:com.qa.tests.GetAPITest@696da30b]" started-at="2021-07-05T01:27:35 IST" name="setup" finished-at="2021-07-05T01:27:35 IST" duration-ms="2" status="PASS">
          <reporter-output>
          </reporter-output>
        </test-method> <!-- setup -->
        <test-method signature="getAuthor()[pri:4, instance:com.qa.tests.GetAPITest@696da30b]" started-at="2021-07-05T01:27:35 IST" name="getAuthor" finished-at="2021-07-05T01:27:36 IST" duration-ms="1242" status="PASS">
          <reporter-output>
          </reporter-output>
        </test-method> <!-- getAuthor -->
      </class> <!-- com.qa.tests.GetAPITest -->
    </test> <!-- Default test -->
  </suite> <!-- Default suite -->
</testng-results>
